<?xml version="1.0" encoding="UTF-8"?>
<!-- Generated by org.testng.reporters.JUnitXMLReporter -->
<testsuite ignored="1" hostname="manish" failures="0" tests="1" name="Default test" time="5.114" errors="0" timestamp="2024-10-08T20:41:53 IST">
  <testcase classname="com.pom.qa.testcases.HomePageFiltersTest" name="verifySearch" time="1.55"/>
  <testcase classname="com.pom.qa.testcases.HomePageFiltersTest" name="verifySearchLabelDisplayed" time="0.0">
    <ignored/>
  </testcase> <!-- verifySearchLabelDisplayed -->
</testsuite> <!-- Default test -->
