<?xml version="1.0" encoding="UTF-8"?>
<testng-results ignored="0" total="1" passed="1" failed="0" skipped="0">
  <reporter-output>
  </reporter-output>
  <suite started-at="2024-09-16T01:03:56 IST" name="Suite" finished-at="2024-09-16T01:04:00 IST" duration-ms="4231">
    <groups>
    </groups>
    <test started-at="2024-09-16T01:03:56 IST" name="ErrorValidation" finished-at="2024-09-16T01:04:00 IST" duration-ms="4231">
      <class name="com.pom.qa.testcases.LoginErrorValidationTest">
        <test-method is-config="true" signature="launchApplication()[pri:0, instance:com.pom.qa.testcases.LoginErrorValidationTest@58cbafc2]" started-at="2024-09-16T01:03:56 IST" name="launchApplication" finished-at="2024-09-16T01:04:00 IST" duration-ms="3548" status="PASS">
          <reporter-output>
          </reporter-output>
        </test-method> <!-- launchApplication -->
        <test-method signature="loginWithWrongCredentialsTest()[pri:0, instance:com.pom.qa.testcases.LoginErrorValidationTest@58cbafc2]" started-at="2024-09-16T01:04:00 IST" name="loginWithWrongCredentialsTest" finished-at="2024-09-16T01:04:00 IST" duration-ms="523" status="PASS">
          <reporter-output>
          </reporter-output>
        </test-method> <!-- loginWithWrongCredentialsTest -->
        <test-method is-config="true" signature="tearDown()[pri:0, instance:com.pom.qa.testcases.LoginErrorValidationTest@58cbafc2]" started-at="2024-09-16T01:04:00 IST" name="tearDown" finished-at="2024-09-16T01:04:00 IST" duration-ms="127" status="PASS">
          <reporter-output>
          </reporter-output>
        </test-method> <!-- tearDown -->
      </class> <!-- com.pom.qa.testcases.LoginErrorValidationTest -->
    </test> <!-- ErrorValidation -->
  </suite> <!-- Suite -->
</testng-results>
