<?xml version="1.0" encoding="UTF-8"?>
<testng-results ignored="0" total="1" passed="1" failed="0" skipped="0">
  <reporter-output>
  </reporter-output>
  <suite started-at="2024-10-08T20:41:48 IST" name="Default suite" finished-at="2024-10-08T20:41:53 IST" duration-ms="5114">
    <groups>
    </groups>
    <test started-at="2024-10-08T20:41:48 IST" name="Default test" finished-at="2024-10-08T20:41:53 IST" duration-ms="5114">
      <class name="com.pom.qa.testcases.HomePageFiltersTest">
        <test-method is-config="true" signature="launchApplication()[pri:0, instance:com.pom.qa.testcases.HomePageFiltersTest@3f91b517]" started-at="2024-10-08T20:41:48 IST" name="launchApplication" finished-at="2024-10-08T20:41:52 IST" duration-ms="3313" status="PASS">
          <reporter-output>
          </reporter-output>
        </test-method> <!-- launchApplication -->
        <test-method signature="verifySearch()[pri:0, instance:com.pom.qa.testcases.HomePageFiltersTest@3f91b517]" started-at="2024-10-08T20:41:52 IST" name="verifySearch" finished-at="2024-10-08T20:41:53 IST" duration-ms="1550" status="PASS">
          <reporter-output>
          </reporter-output>
        </test-method> <!-- verifySearch -->
        <test-method is-config="true" signature="tearDown()[pri:0, instance:com.pom.qa.testcases.HomePageFiltersTest@3f91b517]" started-at="2024-10-08T20:41:53 IST" name="tearDown" finished-at="2024-10-08T20:41:53 IST" duration-ms="210" status="PASS">
          <reporter-output>
          </reporter-output>
        </test-method> <!-- tearDown -->
      </class> <!-- com.pom.qa.testcases.HomePageFiltersTest -->
    </test> <!-- Default test -->
  </suite> <!-- Default suite -->
</testng-results>
